# JRE version: Java(TM) SE Runtime Environment (8.0_60-b27) (build 1.8.0_60-b27)
# Java VM: Java HotSpot(TM) 64-Bit Server VM (25.60-b23 mixed mode windows-amd64 compressed oops)
Heap:
 PSYoungGen      total 304640K, used 56815K [0x00000000d5f00000, 0x00000000edb00000, 0x0000000100000000)
  eden space 289792K, 19% used [0x00000000d5f00000,0x00000000d967bda0,0x00000000e7a00000)
  from space 14848K, 0% used [0x00000000e7a00000,0x00000000e7a00000,0x00000000e8880000)
  to   space 14336K, 0% used [0x00000000ecd00000,0x00000000ecd00000,0x00000000edb00000)
 ParOldGen       total 125440K, used 26694K [0x0000000081c00000, 0x0000000089680000, 0x00000000d5f00000)
  object space 125440K, 21% used [0x0000000081c00000,0x0000000083611ab0,0x0000000089680000)
 Metaspace       used 57723K, capacity 61214K, committed 61464K, reserved 1101824K
  class space    used 7835K, capacity 8420K, committed 8496K, reserved 1048576K
GC Heap History (10 events):
Event: 9.347 GC heap before
{Heap before GC invocations=12 (full 1):
 PSYoungGen      total 223744K, used 40131K [0x00000000d5f00000, 0x00000000e4700000, 0x0000000100000000)
  eden space 215552K, 14% used [0x00000000d5f00000,0x00000000d7e35338,0x00000000e3180000)
  from space 8192K, 99% used [0x00000000e3b80000,0x00000000e437bc68,0x00000000e4380000)
  to   space 10240K, 0% used [0x00000000e3180000,0x00000000e3180000,0x00000000e3b80000)
 ParOldGen       total 58368K, used 10865K [0x0000000081c00000, 0x0000000085500000, 0x00000000d5f00000)
  object space 58368K, 18% used [0x0000000081c00000,0x000000008269c6d0,0x0000000085500000)
 Metaspace       used 33656K, capacity 35396K, committed 35496K, reserved 1079296K
  class space    used 4520K, capacity 4841K, committed 4912K, reserved 1048576K
Event: 9.363 GC heap after
Heap after GC invocations=12 (full 1):
 PSYoungGen      total 225792K, used 5557K [0x00000000d5f00000, 0x00000000e9700000, 0x0000000100000000)
  eden space 215552K, 0% used [0x00000000d5f00000,0x00000000d5f00000,0x00000000e3180000)
  from space 10240K, 54% used [0x00000000e3180000,0x00000000e36ed730,0x00000000e3b80000)
  to   space 10240K, 0% used [0x00000000e8d00000,0x00000000e8d00000,0x00000000e9700000)
 ParOldGen       total 58368K, used 11753K [0x0000000081c00000, 0x0000000085500000, 0x00000000d5f00000)
  object space 58368K, 20% used [0x0000000081c00000,0x000000008277a6d0,0x0000000085500000)
 Metaspace       used 33656K, capacity 35396K, committed 35496K, reserved 1079296K
  class space    used 4520K, capacity 4841K, committed 4912K, reserved 1048576K
}
Event: 9.363 GC heap before
{Heap before GC invocations=13 (full 2):
 PSYoungGen      total 225792K, used 5557K [0x00000000d5f00000, 0x00000000e9700000, 0x0000000100000000)
  eden space 215552K, 0% used [0x00000000d5f00000,0x00000000d5f00000,0x00000000e3180000)
  from space 10240K, 54% used [0x00000000e3180000,0x00000000e36ed730,0x00000000e3b80000)
  to   space 10240K, 0% used [0x00000000e8d00000,0x00000000e8d00000,0x00000000e9700000)
 ParOldGen       total 58368K, used 11753K [0x0000000081c00000, 0x0000000085500000, 0x00000000d5f00000)
  object space 58368K, 20% used [0x0000000081c00000,0x000000008277a6d0,0x0000000085500000)
 Metaspace       used 33656K, capacity 35396K, committed 35496K, reserved 1079296K
  class space    used 4520K, capacity 4841K, committed 4912K, reserved 1048576K
Event: 9.465 GC heap after
Heap after GC invocations=13 (full 2):
 PSYoungGen      total 225792K, used 0K [0x00000000d5f00000, 0x00000000e9700000, 0x0000000100000000)
  eden space 215552K, 0% used [0x00000000d5f00000,0x00000000d5f00000,0x00000000e3180000)
  from space 10240K, 0% used [0x00000000e3180000,0x00000000e3180000,0x00000000e3b80000)
  to   space 10240K, 0% used [0x00000000e8d00000,0x00000000e8d00000,0x00000000e9700000)
 ParOldGen       total 85504K, used 12976K [0x0000000081c00000, 0x0000000086f80000, 0x00000000d5f00000)
  object space 85504K, 15% used [0x0000000081c00000,0x00000000828ac0c8,0x0000000086f80000)
 Metaspace       used 33656K, capacity 35396K, committed 35496K, reserved 1079296K
  class space    used 4520K, capacity 4841K, committed 4912K, reserved 1048576K
}
Event: 18.204 GC heap before
{Heap before GC invocations=14 (full 2):
 PSYoungGen      total 225792K, used 215552K [0x00000000d5f00000, 0x00000000e9700000, 0x0000000100000000)
  eden space 215552K, 100% used [0x00000000d5f00000,0x00000000e3180000,0x00000000e3180000)
  from space 10240K, 0% used [0x00000000e3180000,0x00000000e3180000,0x00000000e3b80000)
  to   space 10240K, 0% used [0x00000000e8d00000,0x00000000e8d00000,0x00000000e9700000)
 ParOldGen       total 85504K, used 12976K [0x0000000081c00000, 0x0000000086f80000, 0x00000000d5f00000)
  object space 85504K, 15% used [0x0000000081c00000,0x00000000828ac0c8,0x0000000086f80000)
 Metaspace       used 48432K, capacity 51566K, committed 51760K, reserved 1093632K
  class space    used 6587K, capacity 7116K, committed 7216K, reserved 1048576K
Event: 18.243 GC heap after
Heap after GC invocations=14 (full 2):
 PSYoungGen      total 293376K, used 10210K [0x00000000d5f00000, 0x00000000e9700000, 0x0000000100000000)
  eden space 283136K, 0% used [0x00000000d5f00000,0x00000000d5f00000,0x00000000e7380000)
  from space 10240K, 99% used [0x00000000e8d00000,0x00000000e96f8a00,0x00000000e9700000)
  to   space 14848K, 0% used [0x00000000e7a00000,0x00000000e7a00000,0x00000000e8880000)
 ParOldGen       total 85504K, used 22458K [0x0000000081c00000, 0x0000000086f80000, 0x00000000d5f00000)
  object space 85504K, 26% used [0x0000000081c00000,0x00000000831eeb00,0x0000000086f80000)
 Metaspace       used 48432K, capacity 51566K, committed 51760K, reserved 1093632K
  class space    used 6587K, capacity 7116K, committed 7216K, reserved 1048576K
}
Event: 48.898 GC heap before
{Heap before GC invocations=15 (full 2):
 PSYoungGen      total 293376K, used 111250K [0x00000000d5f00000, 0x00000000e9700000, 0x0000000100000000)
  eden space 283136K, 35% used [0x00000000d5f00000,0x00000000dc1ac188,0x00000000e7380000)
  from space 10240K, 99% used [0x00000000e8d00000,0x00000000e96f8a00,0x00000000e9700000)
  to   space 14848K, 0% used [0x00000000e7a00000,0x00000000e7a00000,0x00000000e8880000)
 ParOldGen       total 85504K, used 22458K [0x0000000081c00000, 0x0000000086f80000, 0x00000000d5f00000)
  object space 85504K, 26% used [0x0000000081c00000,0x00000000831eeb00,0x0000000086f80000)
 Metaspace       used 55763K, capacity 59030K, committed 59160K, reserved 1099776K
  class space    used 7600K, capacity 8148K, committed 8240K, reserved 1048576K
Event: 48.920 GC heap after
Heap after GC invocations=15 (full 2):
 PSYoungGen      total 304640K, used 7937K [0x00000000d5f00000, 0x00000000edb00000, 0x0000000100000000)
  eden space 289792K, 0% used [0x00000000d5f00000,0x00000000d5f00000,0x00000000e7a00000)
  from space 14848K, 53% used [0x00000000e7a00000,0x00000000e81c0498,0x00000000e8880000)
  to   space 14336K, 0% used [0x00000000ecd00000,0x00000000ecd00000,0x00000000edb00000)
 ParOldGen       total 85504K, used 31841K [0x0000000081c00000, 0x0000000086f80000, 0x00000000d5f00000)
  object space 85504K, 37% used [0x0000000081c00000,0x0000000083b185e0,0x0000000086f80000)
 Metaspace       used 55763K, capacity 59030K, committed 59160K, reserved 1099776K
  class space    used 7600K, capacity 8148K, committed 8240K, reserved 1048576K
}
Event: 48.920 GC heap before
{Heap before GC invocations=16 (full 3):
 PSYoungGen      total 304640K, used 7937K [0x00000000d5f00000, 0x00000000edb00000, 0x0000000100000000)
  eden space 289792K, 0% used [0x00000000d5f00000,0x00000000d5f00000,0x00000000e7a00000)
  from space 14848K, 53% used [0x00000000e7a00000,0x00000000e81c0498,0x00000000e8880000)
  to   space 14336K, 0% used [0x00000000ecd00000,0x00000000ecd00000,0x00000000edb00000)
 ParOldGen       total 85504K, used 31841K [0x0000000081c00000, 0x0000000086f80000, 0x00000000d5f00000)
  object space 85504K, 37% used [0x0000000081c00000,0x0000000083b185e0,0x0000000086f80000)
 Metaspace       used 55763K, capacity 59030K, committed 59160K, reserved 1099776K
  class space    used 7600K, capacity 8148K, committed 8240K, reserved 1048576K
Event: 49.083 GC heap after
Heap after GC invocations=16 (full 3):
 PSYoungGen      total 304640K, used 0K [0x00000000d5f00000, 0x00000000edb00000, 0x0000000100000000)
  eden space 289792K, 0% used [0x00000000d5f00000,0x00000000d5f00000,0x00000000e7a00000)
  from space 14848K, 0% used [0x00000000e7a00000,0x00000000e7a00000,0x00000000e8880000)
  to   space 14336K, 0% used [0x00000000ecd00000,0x00000000ecd00000,0x00000000edb00000)
 ParOldGen       total 125440K, used 26694K [0x0000000081c00000, 0x0000000089680000, 0x00000000d5f00000)
  object space 125440K, 21% used [0x0000000081c00000,0x0000000083611ab0,0x0000000089680000)
 Metaspace       used 55763K, capacity 59030K, committed 59160K, reserved 1099776K
  class space    used 7600K, capacity 8148K, committed 8240K, reserved 1048576K
}

